C:\Program Files\Microsoft Visual Studio\2022\Community\MSBuild\Microsoft\VC\v170\Microsoft.CppBuild.targets(517,5): warning MSB8004: El directorio Output no termina con una barra diagonal final. Esta instancia de compilación agregará la barra diagonal porque es necesaria para que se pueda evaluar correctamente el directorio Output.
  AIPaddle.cpp
  BounceOnBorder.cpp
C:\Users\diego\Desktop\Diego\UCM\2º\TPV2\VisualStudio\TPV2-Ej1\TPV2\src\sdlutils\SDLUtils.h(51,32): warning C4101: 'e': variable local sin referencia
  (compilando archivo de origen "src/game/BounceOnBorder.cpp")
  C:\Users\diego\Desktop\Diego\UCM\2º\TPV2\VisualStudio\TPV2-Ej1\TPV2\src\sdlutils\SDLUtils.h(51,32):
  el contexto de creación de instancias de la plantilla (el más antiguo primero) es
  	C:\Users\diego\Desktop\Diego\UCM\2º\TPV2\VisualStudio\TPV2-Ej1\TPV2\src\sdlutils\SDLUtils.h(201,34):
  	Vea la referencia a la creación de una instancia de clase plantilla "SDLUtils::map_access_wrapper<SoundEffect>" que se está compilando
  	C:\Users\diego\Desktop\Diego\UCM\2º\TPV2\VisualStudio\TPV2-Ej1\TPV2\src\sdlutils\SDLUtils.h(48,13):
  	al compilar la función del miembro clase plantilla "T &SDLUtils::map_access_wrapper<T>::at(const std::string &)"
          with
          [
              T=SoundEffect
          ]
  		C:\Users\diego\Desktop\Diego\UCM\2º\TPV2\VisualStudio\TPV2-Ej1\TPV2\src\game\BounceOnBorder.cpp(24,48):
  		vea la primera referencia a “SDLUtils::map_access_wrapper<SoundEffect>::at” en “BounceOnBorder::update”
  
  Containter.cpp
  EmptyRectangleRenderer.cpp
  Game.cpp
C:\Users\diego\Desktop\Diego\UCM\2º\TPV2\VisualStudio\TPV2-Ej1\TPV2\src\game\Game.cpp(45,26): warning C4244: 'argumento': conversión de 'int' a 'float'; posible pérdida de datos
C:\Users\diego\Desktop\Diego\UCM\2º\TPV2\VisualStudio\TPV2-Ej1\TPV2\src\game\Game.cpp(44,44): warning C4244: 'argumento': conversión de 'int' a 'float'; posible pérdida de datos
C:\Users\diego\Desktop\Diego\UCM\2º\TPV2\VisualStudio\TPV2-Ej1\TPV2\src\sdlutils\SDLUtils.h(51,32): warning C4101: 'e': variable local sin referencia
  (compilando archivo de origen "src/game/Game.cpp")
  C:\Users\diego\Desktop\Diego\UCM\2º\TPV2\VisualStudio\TPV2-Ej1\TPV2\src\sdlutils\SDLUtils.h(51,32):
  el contexto de creación de instancias de la plantilla (el más antiguo primero) es
  	C:\Users\diego\Desktop\Diego\UCM\2º\TPV2\VisualStudio\TPV2-Ej1\TPV2\src\sdlutils\SDLUtils.h(199,30):
  	Vea la referencia a la creación de una instancia de clase plantilla "SDLUtils::map_access_wrapper<Texture>" que se está compilando
  	C:\Users\diego\Desktop\Diego\UCM\2º\TPV2\VisualStudio\TPV2-Ej1\TPV2\src\sdlutils\SDLUtils.h(48,13):
  	al compilar la función del miembro clase plantilla "T &SDLUtils::map_access_wrapper<T>::at(const std::string &)"
          with
          [
              T=Texture
          ]
  		C:\Users\diego\Desktop\Diego\UCM\2º\TPV2\VisualStudio\TPV2-Ej1\TPV2\src\game\Game.cpp(49,24):
  		vea la primera referencia a “SDLUtils::map_access_wrapper<Texture>::at” en “Game::init”
  
  GameCtrl.cpp
  GameManager.cpp
C:\Users\diego\Desktop\Diego\UCM\2º\TPV2\VisualStudio\TPV2-Ej1\TPV2\src\game\GameManager.cpp(42,28): warning C4244: 'argumento': conversión de 'int' a 'float'; posible pérdida de datos
C:\Users\diego\Desktop\Diego\UCM\2º\TPV2\VisualStudio\TPV2-Ej1\TPV2\src\game\GameManager.cpp(41,45): warning C4244: 'argumento': conversión de 'int' a 'float'; posible pérdida de datos
C:\Users\diego\Desktop\Diego\UCM\2º\TPV2\VisualStudio\TPV2-Ej1\TPV2\src\game\GameManager.cpp(52,38): warning C4244: 'argumento': conversión de 'int' a 'float'; posible pérdida de datos
C:\Users\diego\Desktop\Diego\UCM\2º\TPV2\VisualStudio\TPV2-Ej1\TPV2\src\game\GameManager.cpp(52,16): warning C4244: 'argumento': conversión de 'int' a 'float'; posible pérdida de datos
  ImageRenderer.cpp
  InfoMsgs.cpp
C:\Users\diego\Desktop\Diego\UCM\2º\TPV2\VisualStudio\TPV2-Ej1\TPV2\src\sdlutils\SDLUtils.h(51,32): warning C4101: 'e': variable local sin referencia
  (compilando archivo de origen "src/game/InfoMsgs.cpp")
  C:\Users\diego\Desktop\Diego\UCM\2º\TPV2\VisualStudio\TPV2-Ej1\TPV2\src\sdlutils\SDLUtils.h(51,32):
  el contexto de creación de instancias de la plantilla (el más antiguo primero) es
  	C:\Users\diego\Desktop\Diego\UCM\2º\TPV2\VisualStudio\TPV2-Ej1\TPV2\src\sdlutils\SDLUtils.h(199,30):
  	Vea la referencia a la creación de una instancia de clase plantilla "SDLUtils::map_access_wrapper<Texture>" que se está compilando
  	C:\Users\diego\Desktop\Diego\UCM\2º\TPV2\VisualStudio\TPV2-Ej1\TPV2\src\sdlutils\SDLUtils.h(48,13):
  	al compilar la función del miembro clase plantilla "T &SDLUtils::map_access_wrapper<T>::at(const std::string &)"
          with
          [
              T=Texture
          ]
  		C:\Users\diego\Desktop\Diego\UCM\2º\TPV2\VisualStudio\TPV2-Ej1\TPV2\src\game\InfoMsgs.cpp(25,10):
  		vea la primera referencia a “SDLUtils::map_access_wrapper<Texture>::at” en “InfoMsgs::render”
  
  MovePaddleWithKeyBoard.cpp
  MovePaddleWithMouse.cpp
C:\Users\diego\Desktop\Diego\UCM\2º\TPV2\VisualStudio\TPV2-Ej1\TPV2\src\game\MovePaddleWithMouse.cpp(17,39): warning C4244: 'argumento': conversión de 'const _Ty2' a 'float'; posible pérdida de datos
C:\Users\diego\Desktop\Diego\UCM\2º\TPV2\VisualStudio\TPV2-Ej1\TPV2\src\game\MovePaddleWithMouse.cpp(17,39): warning C4244:         with
C:\Users\diego\Desktop\Diego\UCM\2º\TPV2\VisualStudio\TPV2-Ej1\TPV2\src\game\MovePaddleWithMouse.cpp(17,39): warning C4244:         [
C:\Users\diego\Desktop\Diego\UCM\2º\TPV2\VisualStudio\TPV2-Ej1\TPV2\src\game\MovePaddleWithMouse.cpp(17,39): warning C4244:             _Ty2=Sint32
C:\Users\diego\Desktop\Diego\UCM\2º\TPV2\VisualStudio\TPV2-Ej1\TPV2\src\game\MovePaddleWithMouse.cpp(17,39): warning C4244:         ]
  RectangleRenderer.cpp
  ScoreRenderer.cpp
C:\Users\diego\Desktop\Diego\UCM\2º\TPV2\VisualStudio\TPV2-Ej1\TPV2\src\sdlutils\SDLUtils.h(51,32): warning C4101: 'e': variable local sin referencia
  (compilando archivo de origen "src/game/ScoreRenderer.cpp")
  C:\Users\diego\Desktop\Diego\UCM\2º\TPV2\VisualStudio\TPV2-Ej1\TPV2\src\sdlutils\SDLUtils.h(51,32):
  el contexto de creación de instancias de la plantilla (el más antiguo primero) es
  	C:\Users\diego\Desktop\Diego\UCM\2º\TPV2\VisualStudio\TPV2-Ej1\TPV2\src\sdlutils\SDLUtils.h(198,27):
  	Vea la referencia a la creación de una instancia de clase plantilla "SDLUtils::map_access_wrapper<Font>" que se está compilando
  	C:\Users\diego\Desktop\Diego\UCM\2º\TPV2\VisualStudio\TPV2-Ej1\TPV2\src\sdlutils\SDLUtils.h(48,13):
  	al compilar la función del miembro clase plantilla "T &SDLUtils::map_access_wrapper<T>::at(const std::string &)"
          with
          [
              T=Font
          ]
  		C:\Users\diego\Desktop\Diego\UCM\2º\TPV2\VisualStudio\TPV2-Ej1\TPV2\src\game\ScoreRenderer.cpp(19,18):
  		vea la primera referencia a “SDLUtils::map_access_wrapper<Font>::at” en “ScoreRenderer::render”
  
  SimpleMove.cpp
  StopOnBorder.cpp
  JSON.cpp
  JSONValue.cpp
  json_demo.cpp
  main.cpp
  SDLUtils.cpp
  Generando código...
  Compilando...
  sdlutils_demo.cpp
C:\Users\diego\Desktop\Diego\UCM\2º\TPV2\VisualStudio\TPV2-Ej1\TPV2\src\sdlutils\SDLUtils.h(51,32): warning C4101: 'e': variable local sin referencia
  (compilando archivo de origen "src/sdlutils/sdlutils_demo.cpp")
  C:\Users\diego\Desktop\Diego\UCM\2º\TPV2\VisualStudio\TPV2-Ej1\TPV2\src\sdlutils\SDLUtils.h(51,32):
  el contexto de creación de instancias de la plantilla (el más antiguo primero) es
  	C:\Users\diego\Desktop\Diego\UCM\2º\TPV2\VisualStudio\TPV2-Ej1\TPV2\src\sdlutils\SDLUtils.h(202,28):
  	Vea la referencia a la creación de una instancia de clase plantilla "SDLUtils::map_access_wrapper<Music>" que se está compilando
  	C:\Users\diego\Desktop\Diego\UCM\2º\TPV2\VisualStudio\TPV2-Ej1\TPV2\src\sdlutils\SDLUtils.h(48,13):
  	al compilar la función del miembro clase plantilla "T &SDLUtils::map_access_wrapper<T>::at(const std::string &)"
          with
          [
              T=Music
          ]
  		C:\Users\diego\Desktop\Diego\UCM\2º\TPV2\VisualStudio\TPV2-Ej1\TPV2\src\sdlutils\sdlutils_demo.cpp(52,30):
  		vea la primera referencia a “SDLUtils::map_access_wrapper<Music>::at” en “sdlutils_basic_demo”
  
  SoundEffect.cpp
  Texture.cpp
  Collisions.cpp
  Vector2D.cpp
  Generando código...
     Creando biblioteca C:\Users\diego\Desktop\Diego\UCM\2º\TPV2\VisualStudio\TPV2-Ej1\bin\TPV2Debug.lib y objeto C:\Users\diego\Desktop\Diego\UCM\2º\TPV2\VisualStudio\TPV2-Ej1\bin\TPV2Debug.exp
  TPV2.vcxproj -> C:\Users\diego\Desktop\Diego\UCM\2º\TPV2\VisualStudio\TPV2-Ej1\bin\TPV2Debug.exe
