c:\users\diego\desktop\diego\ucm\2º\tpv2\visualstudio\tpv2\practica1\practica1\tpv2\x64\debug\vc143.pdb
c:\users\diego\desktop\diego\ucm\2º\tpv2\visualstudio\tpv2\practica1\practica1\tpv2\x64\debug\vc143.idb
c:\users\diego\desktop\diego\ucm\2º\tpv2\visualstudio\tpv2\practica1\practica1\tpv2\x64\debug\newroundstate.obj
c:\users\diego\desktop\diego\ucm\2º\tpv2\visualstudio\tpv2\practica1\practica1\tpv2\x64\debug\newgamestate.obj
c:\users\diego\desktop\diego\ucm\2º\tpv2\visualstudio\tpv2\practica1\practica1\tpv2\x64\debug\missileutils.obj
c:\users\diego\desktop\diego\ucm\2º\tpv2\visualstudio\tpv2\practica1\practica1\tpv2\x64\debug\gameoverstate.obj
c:\users\diego\desktop\diego\ucm\2º\tpv2\visualstudio\tpv2\practica1\practica1\tpv2\x64\debug\game.obj
c:\users\diego\desktop\diego\ucm\2º\tpv2\visualstudio\tpv2\practica1\practica1\tpv2\x64\debug\fighterutils.obj
c:\users\diego\desktop\diego\ucm\2º\tpv2\visualstudio\tpv2\practica1\practica1\tpv2\x64\debug\blackholeutils.obj
c:\users\diego\desktop\diego\ucm\2º\tpv2\visualstudio\tpv2\practica1\practica1\tpv2\x64\debug\asteroidsutils.obj
c:\users\diego\desktop\diego\ucm\2º\tpv2\visualstudio\tpv2\practica1\practica1\tpv2\x64\debug\manager.obj
c:\users\diego\desktop\diego\ucm\2º\tpv2\visualstudio\tpv2\practica1\practica1\tpv2\x64\debug\transform.obj
c:\users\diego\desktop\diego\ucm\2º\tpv2\visualstudio\tpv2\practica1\practica1\tpv2\x64\debug\towardsdestination.obj
c:\users\diego\desktop\diego\ucm\2º\tpv2\visualstudio\tpv2\practica1\practica1\tpv2\x64\debug\showatopossiteside.obj
c:\users\diego\desktop\diego\ucm\2º\tpv2\visualstudio\tpv2\practica1\practica1\tpv2\x64\debug\imagewithframes.obj
c:\users\diego\desktop\diego\ucm\2º\tpv2\visualstudio\tpv2\practica1\practica1\tpv2\x64\debug\image.obj
c:\users\diego\desktop\diego\ucm\2º\tpv2\visualstudio\tpv2\practica1\practica1\tpv2\x64\debug\health.obj
c:\users\diego\desktop\diego\ucm\2º\tpv2\visualstudio\tpv2\practica1\practica1\tpv2\x64\debug\gun.obj
c:\users\diego\desktop\diego\ucm\2º\tpv2\visualstudio\tpv2\practica1\practica1\tpv2\x64\debug\follow.obj
c:\users\diego\desktop\diego\ucm\2º\tpv2\visualstudio\tpv2\practica1\practica1\tpv2\x64\debug\fighterctrl.obj
c:\users\diego\desktop\diego\ucm\2º\tpv2\visualstudio\tpv2\practica1\practica1\tpv2\x64\debug\deacceleration.obj
c:\users\diego\desktop\diego\ucm\2º\tpv2\visualstudio\tpv2\practica1\practica1\tpv2\x64\debug\blackrotation.obj
c:\users\diego\desktop\diego\ucm\2º\tpv2\visualstudio\tpv2\practica1\practica1\tpv2\x64\debug\vector2d.obj
c:\users\diego\desktop\diego\ucm\2º\tpv2\visualstudio\tpv2\practica1\practica1\tpv2\x64\debug\collisions.obj
c:\users\diego\desktop\diego\ucm\2º\tpv2\visualstudio\tpv2\practica1\practica1\tpv2\x64\debug\texture.obj
c:\users\diego\desktop\diego\ucm\2º\tpv2\visualstudio\tpv2\practica1\practica1\tpv2\x64\debug\soundeffect.obj
c:\users\diego\desktop\diego\ucm\2º\tpv2\visualstudio\tpv2\practica1\practica1\tpv2\x64\debug\sdlutils_demo.obj
c:\users\diego\desktop\diego\ucm\2º\tpv2\visualstudio\tpv2\practica1\practica1\tpv2\x64\debug\sdlutils.obj
c:\users\diego\desktop\diego\ucm\2º\tpv2\visualstudio\tpv2\practica1\practica1\tpv2\x64\debug\main.obj
c:\users\diego\desktop\diego\ucm\2º\tpv2\visualstudio\tpv2\practica1\practica1\tpv2\x64\debug\json_demo.obj
c:\users\diego\desktop\diego\ucm\2º\tpv2\visualstudio\tpv2\practica1\practica1\tpv2\x64\debug\jsonvalue.obj
c:\users\diego\desktop\diego\ucm\2º\tpv2\visualstudio\tpv2\practica1\practica1\tpv2\x64\debug\json.obj
c:\users\diego\desktop\diego\ucm\2º\tpv2\visualstudio\tpv2\practica1\practica1\tpv2\x64\debug\runningstate.obj
c:\users\diego\desktop\diego\ucm\2º\tpv2\visualstudio\tpv2\practica1\practica1\tpv2\x64\debug\pausedstate.obj
c:\users\diego\desktop\diego\ucm\2º\tpv2\visualstudio\tpv2\practica1\practica1\bin\tpv2debug.exe
c:\users\diego\desktop\diego\ucm\2º\tpv2\visualstudio\tpv2\practica1\practica1\bin\tpv2debug.pdb
c:\users\diego\desktop\diego\ucm\2º\tpv2\visualstudio\tpv2\practica1\practica1\tpv2\x64\debug\tpv2debug.ilk
c:\users\diego\desktop\diego\ucm\2º\tpv2\visualstudio\tpv2\practica1\practica1\tpv2\x64\debug\tpv2.tlog\cl.command.1.tlog
c:\users\diego\desktop\diego\ucm\2º\tpv2\visualstudio\tpv2\practica1\practica1\tpv2\x64\debug\tpv2.tlog\cl.items.tlog
c:\users\diego\desktop\diego\ucm\2º\tpv2\visualstudio\tpv2\practica1\practica1\tpv2\x64\debug\tpv2.tlog\cl.read.1.tlog
c:\users\diego\desktop\diego\ucm\2º\tpv2\visualstudio\tpv2\practica1\practica1\tpv2\x64\debug\tpv2.tlog\cl.write.1.tlog
c:\users\diego\desktop\diego\ucm\2º\tpv2\visualstudio\tpv2\practica1\practica1\tpv2\x64\debug\tpv2.tlog\link.command.1.tlog
c:\users\diego\desktop\diego\ucm\2º\tpv2\visualstudio\tpv2\practica1\practica1\tpv2\x64\debug\tpv2.tlog\link.read.1.tlog
c:\users\diego\desktop\diego\ucm\2º\tpv2\visualstudio\tpv2\practica1\practica1\tpv2\x64\debug\tpv2.tlog\link.secondary.1.tlog
c:\users\diego\desktop\diego\ucm\2º\tpv2\visualstudio\tpv2\practica1\practica1\tpv2\x64\debug\tpv2.tlog\link.write.1.tlog
