c:\users\diego\desktop\diego\ucm\2º\tpv2\visualstudio\tpv2\practica2\tpv2\tpv2\x64\debug\vc143.pdb
c:\users\diego\desktop\diego\ucm\2º\tpv2\visualstudio\tpv2\practica2\tpv2\tpv2\x64\debug\vc143.idb
c:\users\diego\desktop\diego\ucm\2º\tpv2\visualstudio\tpv2\practica2\tpv2\tpv2\x64\debug\vector2d.obj
c:\users\diego\desktop\diego\ucm\2º\tpv2\visualstudio\tpv2\practica2\tpv2\tpv2\x64\debug\collisions.obj
c:\users\diego\desktop\diego\ucm\2º\tpv2\visualstudio\tpv2\practica2\tpv2\tpv2\x64\debug\texture.obj
c:\users\diego\desktop\diego\ucm\2º\tpv2\visualstudio\tpv2\practica2\tpv2\tpv2\x64\debug\soundeffect.obj
c:\users\diego\desktop\diego\ucm\2º\tpv2\visualstudio\tpv2\practica2\tpv2\tpv2\x64\debug\sdlutils_demo.obj
c:\users\diego\desktop\diego\ucm\2º\tpv2\visualstudio\tpv2\practica2\tpv2\tpv2\x64\debug\sdlutils.obj
c:\users\diego\desktop\diego\ucm\2º\tpv2\visualstudio\tpv2\practica2\tpv2\tpv2\x64\debug\main.obj
c:\users\diego\desktop\diego\ucm\2º\tpv2\visualstudio\tpv2\practica2\tpv2\tpv2\x64\debug\json_demo.obj
c:\users\diego\desktop\diego\ucm\2º\tpv2\visualstudio\tpv2\practica2\tpv2\tpv2\x64\debug\jsonvalue.obj
c:\users\diego\desktop\diego\ucm\2º\tpv2\visualstudio\tpv2\practica2\tpv2\tpv2\x64\debug\json.obj
c:\users\jiale\my project (1)\tpv2\practica2\tpv2\tpv2\x64\debug\vc143.pdb
c:\users\jiale\my project (1)\tpv2\practica2\tpv2\tpv2\x64\debug\vc143.idb
c:\users\jiale\my project (1)\tpv2\practica2\tpv2\tpv2\x64\debug\vector2d.obj
c:\users\jiale\my project (1)\tpv2\practica2\tpv2\tpv2\x64\debug\collisions.obj
c:\users\jiale\my project (1)\tpv2\practica2\tpv2\tpv2\x64\debug\texture.obj
c:\users\jiale\my project (1)\tpv2\practica2\tpv2\tpv2\x64\debug\soundeffect.obj
c:\users\jiale\my project (1)\tpv2\practica2\tpv2\tpv2\x64\debug\sdlutils_demo.obj
c:\users\jiale\my project (1)\tpv2\practica2\tpv2\tpv2\x64\debug\sdlutils.obj
c:\users\jiale\my project (1)\tpv2\practica2\tpv2\tpv2\x64\debug\main.obj
c:\users\jiale\my project (1)\tpv2\practica2\tpv2\tpv2\x64\debug\json_demo.obj
c:\users\jiale\my project (1)\tpv2\practica2\tpv2\tpv2\x64\debug\jsonvalue.obj
c:\users\jiale\my project (1)\tpv2\practica2\tpv2\tpv2\x64\debug\json.obj
c:\users\jiale\my project (1)\tpv2\practica2\tpv2\bin\tpv2debug.pdb
c:\users\jiale\my project (1)\tpv2\practica2\tpv2\tpv2\x64\debug\tpv2.tlog\cl.command.1.tlog
c:\users\jiale\my project (1)\tpv2\practica2\tpv2\tpv2\x64\debug\tpv2.tlog\cl.read.1.tlog
c:\users\jiale\my project (1)\tpv2\practica2\tpv2\tpv2\x64\debug\tpv2.tlog\cl.write.1.tlog
c:\users\jiale\my project (1)\tpv2\practica2\tpv2\tpv2\x64\debug\tpv2.tlog\link-cvtres.read.1.tlog
c:\users\jiale\my project (1)\tpv2\practica2\tpv2\tpv2\x64\debug\tpv2.tlog\link-cvtres.write.1.tlog
c:\users\jiale\my project (1)\tpv2\practica2\tpv2\tpv2\x64\debug\tpv2.tlog\link-rc.read.1.tlog
c:\users\jiale\my project (1)\tpv2\practica2\tpv2\tpv2\x64\debug\tpv2.tlog\link-rc.write.1.tlog
c:\users\jiale\my project (1)\tpv2\practica2\tpv2\tpv2\x64\debug\tpv2.tlog\link.command.1.tlog
c:\users\jiale\my project (1)\tpv2\practica2\tpv2\tpv2\x64\debug\tpv2.tlog\link.read.1.tlog
c:\users\jiale\my project (1)\tpv2\practica2\tpv2\tpv2\x64\debug\tpv2.tlog\link.read.2.tlog
c:\users\jiale\my project (1)\tpv2\practica2\tpv2\tpv2\x64\debug\tpv2.tlog\link.read.3.tlog
c:\users\jiale\my project (1)\tpv2\practica2\tpv2\tpv2\x64\debug\tpv2.tlog\link.read.4.tlog
c:\users\jiale\my project (1)\tpv2\practica2\tpv2\tpv2\x64\debug\tpv2.tlog\link.write.1.tlog
