C:\Program Files\Microsoft Visual Studio\2022\Community\MSBuild\Microsoft\VC\v170\Microsoft.CppBuild.targets(517,5): warning MSB8004: El directorio Output no termina con una barra diagonal final. Esta instancia de compilación agregará la barra diagonal porque es necesaria para que se pueda evaluar correctamente el directorio Output.
  DeAcceleration.cpp
  Game.cpp
  NewRoundState.cpp
C:\Users\diego\Desktop\Diego\UCM\2º\TPV2\VisualStudio\TPV2\Practica1\TPV2\TPV2\src\game\NewRoundState.cpp(21,10): warning C4244: 'inicializando': conversión de 'int' a 'float'; posible pérdida de datos
C:\Users\diego\Desktop\Diego\UCM\2º\TPV2\VisualStudio\TPV2\Practica1\TPV2\TPV2\src\game\NewRoundState.cpp(22,10): warning C4244: 'inicializando': conversión de 'int' a 'float'; posible pérdida de datos
C:\Users\diego\Desktop\Diego\UCM\2º\TPV2\VisualStudio\TPV2\Practica1\TPV2\TPV2\src\game\NewRoundState.cpp(23,55): warning C4244: 'argumento': conversión de 'int' a 'float'; posible pérdida de datos
C:\Users\diego\Desktop\Diego\UCM\2º\TPV2\VisualStudio\TPV2\Practica1\TPV2\TPV2\src\game\NewRoundState.cpp(23,40): warning C4244: 'argumento': conversión de 'int' a 'float'; posible pérdida de datos
C:\Users\diego\Desktop\Diego\UCM\2º\TPV2\VisualStudio\TPV2\Practica1\TPV2\TPV2\src\sdlutils\SDLUtils.h(51,32): warning C4101: 'e': variable local sin referencia
  (compilando archivo de origen "src/game/NewRoundState.cpp")
  C:\Users\diego\Desktop\Diego\UCM\2º\TPV2\VisualStudio\TPV2\Practica1\TPV2\TPV2\src\sdlutils\SDLUtils.h(51,32):
  el contexto de creación de instancias de la plantilla (el más antiguo primero) es
  	C:\Users\diego\Desktop\Diego\UCM\2º\TPV2\VisualStudio\TPV2\Practica1\TPV2\TPV2\src\sdlutils\SDLUtils.h(199,30):
  	Vea la referencia a la creación de una instancia de clase plantilla "SDLUtils::map_access_wrapper<Texture>" que se está compilando
  	C:\Users\diego\Desktop\Diego\UCM\2º\TPV2\VisualStudio\TPV2\Practica1\TPV2\TPV2\src\sdlutils\SDLUtils.h(48,13):
  	al compilar la función del miembro clase plantilla "T &SDLUtils::map_access_wrapper<T>::at(const std::string &)"
          with
          [
              T=Texture
          ]
  		C:\Users\diego\Desktop\Diego\UCM\2º\TPV2\VisualStudio\TPV2\Practica1\TPV2\TPV2\src\game\NewRoundState.cpp(15,6):
  		vea la primera referencia a “SDLUtils::map_access_wrapper<Texture>::at” en “NewRoundState::NewRoundState”
  
  PausedState.cpp
C:\Users\diego\Desktop\Diego\UCM\2º\TPV2\VisualStudio\TPV2\Practica1\TPV2\TPV2\src\game\PausedState.cpp(12,10): warning C4244: 'inicializando': conversión de 'int' a 'float'; posible pérdida de datos
C:\Users\diego\Desktop\Diego\UCM\2º\TPV2\VisualStudio\TPV2\Practica1\TPV2\TPV2\src\game\PausedState.cpp(13,10): warning C4244: 'inicializando': conversión de 'int' a 'float'; posible pérdida de datos
C:\Users\diego\Desktop\Diego\UCM\2º\TPV2\VisualStudio\TPV2\Practica1\TPV2\TPV2\src\game\PausedState.cpp(14,55): warning C4244: 'argumento': conversión de 'int' a 'float'; posible pérdida de datos
C:\Users\diego\Desktop\Diego\UCM\2º\TPV2\VisualStudio\TPV2\Practica1\TPV2\TPV2\src\game\PausedState.cpp(14,40): warning C4244: 'argumento': conversión de 'int' a 'float'; posible pérdida de datos
C:\Users\diego\Desktop\Diego\UCM\2º\TPV2\VisualStudio\TPV2\Practica1\TPV2\TPV2\src\sdlutils\SDLUtils.h(51,32): warning C4101: 'e': variable local sin referencia
  (compilando archivo de origen "src/game/PausedState.cpp")
  C:\Users\diego\Desktop\Diego\UCM\2º\TPV2\VisualStudio\TPV2\Practica1\TPV2\TPV2\src\sdlutils\SDLUtils.h(51,32):
  el contexto de creación de instancias de la plantilla (el más antiguo primero) es
  	C:\Users\diego\Desktop\Diego\UCM\2º\TPV2\VisualStudio\TPV2\Practica1\TPV2\TPV2\src\sdlutils\SDLUtils.h(199,30):
  	Vea la referencia a la creación de una instancia de clase plantilla "SDLUtils::map_access_wrapper<Texture>" que se está compilando
  	C:\Users\diego\Desktop\Diego\UCM\2º\TPV2\VisualStudio\TPV2\Practica1\TPV2\TPV2\src\sdlutils\SDLUtils.h(48,13):
  	al compilar la función del miembro clase plantilla "T &SDLUtils::map_access_wrapper<T>::at(const std::string &)"
          with
          [
              T=Texture
          ]
  		C:\Users\diego\Desktop\Diego\UCM\2º\TPV2\VisualStudio\TPV2\Practica1\TPV2\TPV2\src\game\PausedState.cpp(10,7):
  		vea la primera referencia a “SDLUtils::map_access_wrapper<Texture>::at” en “PausedState::PausedState”
  
  RunningState.cpp
C:\Users\diego\Desktop\Diego\UCM\2º\TPV2\VisualStudio\TPV2\Practica1\TPV2\TPV2\src\game\RunningState.cpp(129,7): warning C4244: 'argumento': conversión de 'int' a 'float'; posible pérdida de datos
C:\Users\diego\Desktop\Diego\UCM\2º\TPV2\VisualStudio\TPV2\Practica1\TPV2\TPV2\src\game\RunningState.cpp(128,7): warning C4244: 'argumento': conversión de 'int' a 'float'; posible pérdida de datos
C:\Users\diego\Desktop\Diego\UCM\2º\TPV2\VisualStudio\TPV2\Practica1\TPV2\TPV2\src\sdlutils\SDLUtils.h(51,32): warning C4101: 'e': variable local sin referencia
  (compilando archivo de origen "src/game/RunningState.cpp")
  C:\Users\diego\Desktop\Diego\UCM\2º\TPV2\VisualStudio\TPV2\Practica1\TPV2\TPV2\src\sdlutils\SDLUtils.h(51,32):
  el contexto de creación de instancias de la plantilla (el más antiguo primero) es
  	C:\Users\diego\Desktop\Diego\UCM\2º\TPV2\VisualStudio\TPV2\Practica1\TPV2\TPV2\src\sdlutils\SDLUtils.h(201,34):
  	Vea la referencia a la creación de una instancia de clase plantilla "SDLUtils::map_access_wrapper<SoundEffect>" que se está compilando
  	C:\Users\diego\Desktop\Diego\UCM\2º\TPV2\VisualStudio\TPV2\Practica1\TPV2\TPV2\src\sdlutils\SDLUtils.h(48,13):
  	al compilar la función del miembro clase plantilla "T &SDLUtils::map_access_wrapper<T>::at(const std::string &)"
          with
          [
              T=SoundEffect
          ]
  		C:\Users\diego\Desktop\Diego\UCM\2º\TPV2\VisualStudio\TPV2\Practica1\TPV2\TPV2\src\game\RunningState.cpp(137,52):
  		vea la primera referencia a “SDLUtils::map_access_wrapper<SoundEffect>::at” en “RunningState::checkCollisions”
  
  Vector2D.cpp
  Generando código...
  TPV2.vcxproj -> C:\Users\diego\Desktop\Diego\UCM\2º\TPV2\VisualStudio\TPV2\Practica1\TPV2\bin\TPV2Debug.exe
