c:\hlocal\tpv2\practica1\tpv2\tpv2\x64\debug\bounceonborders.obj
c:\hlocal\tpv2\practica1\tpv2\tpv2\x64\debug\collisions.obj
c:\hlocal\tpv2\practica1\tpv2\tpv2\x64\debug\game.obj
c:\hlocal\tpv2\practica1\tpv2\tpv2\x64\debug\gameinfomsgs.obj
c:\hlocal\tpv2\practica1\tpv2\tpv2\x64\debug\gamestate.obj
c:\hlocal\tpv2\practica1\tpv2\tpv2\x64\debug\image.obj
c:\hlocal\tpv2\practica1\tpv2\tpv2\x64\debug\json.obj
c:\hlocal\tpv2\practica1\tpv2\tpv2\x64\debug\jsonvalue.obj
c:\hlocal\tpv2\practica1\tpv2\tpv2\x64\debug\json_demo.obj
c:\hlocal\tpv2\practica1\tpv2\tpv2\x64\debug\main.obj
c:\hlocal\tpv2\practica1\tpv2\tpv2\x64\debug\paddleaictrl.obj
c:\hlocal\tpv2\practica1\tpv2\tpv2\x64\debug\paddlekbctrl.obj
c:\hlocal\tpv2\practica1\tpv2\tpv2\x64\debug\paddlemousectrl.obj
c:\hlocal\tpv2\practica1\tpv2\tpv2\x64\debug\rectangleviewer.obj
c:\hlocal\tpv2\practica1\tpv2\tpv2\x64\debug\sdlutils.obj
c:\hlocal\tpv2\practica1\tpv2\tpv2\x64\debug\sdlutils_demo.obj
c:\hlocal\tpv2\practica1\tpv2\tpv2\x64\debug\soundeffect.obj
c:\hlocal\tpv2\practica1\tpv2\tpv2\x64\debug\stoponborders.obj
c:\hlocal\tpv2\practica1\tpv2\tpv2\x64\debug\texture.obj
c:\hlocal\tpv2\practica1\tpv2\tpv2\x64\debug\vector2d.obj
c:\hlocal\tpv2\practica1\tpv2\tpv2\x64\debug\vc143.idb
c:\hlocal\tpv2\practica1\tpv2\tpv2\x64\debug\vc143.pdb
c:\hlocal\tpv2\practica1\tpv2\tpv2\x64\debug\tpv2.tlog\cl.command.1.tlog
